Please enter your session type:
Please enter a command admin:
Please enter the account holder's name:
Please enter the account number:
Please enter recipient to be paid:
Please enter amount to pay:
Success, 2100.00 has been paid to TV.
Available Balance (12348):
7910.00
Please enter your session type:
Please enter a login name:
Please enter a command user:
Please enter the account number:
Please enter recipient to be paid:
Please enter amount to pay:
Success, 5.00 has been paid to TV.
Available Balance (12348):
7904.90
Daily Payment Limit to TV Remaining (12348):
1995.00
Please enter your session type:
Please enter a command admin:
Please enter the account holder's name:
Please enter the account number:
Please enter recipient to be paid:
Please enter amount to pay:
Success, 2000.00 has been paid to TV.
Available Balance (12348):
5904.90
Please enter your session type:
Please enter a login name:
Please enter a command user:
Please enter the account number:
Please enter recipient to be paid:
Please enter amount to pay:
Success, 1995.00 has been paid to TV.
Available Balance (12348):
3909.80
Daily Payment Limit to TV Remaining (12348):
0.00
Please enter your session type:
Please enter a command admin:
Please enter the account holder's name:
Please enter the account number:
Please enter recipient to be paid:
Please enter amount to pay:
Success, 5.00 has been paid to TV.
Available Balance (12348):
3904.80
