Please enter your session type:
Please enter a command admin:
Please enter the account holder's name:
Please enter the account number:
Success, Bran Bob's account is now enabled.
Please enter the account holder's name:
Please enter the account number:
Please enter a billing recipient:
Please enter value to pay:
Success, 5.00 has been paid to TV.
New Balance:
105.00
Please enter your session type:
Please enter a login name:
Please enter a command user:
Please enter the account number:
Please enter a billing recipient:
Please enter value to pay:
Success, 5.00 has been paid to TV.
New Balance:
99.90
